#! /usr/bin/vvp
:ivl_version "11.0 (stable)";
:ivl_delay_selection "TYPICAL";
:vpi_time_precision - 10;
:vpi_module "/usr/lib/x86_64-linux-gnu/ivl/system.vpi";
:vpi_module "/usr/lib/x86_64-linux-gnu/ivl/vhdl_sys.vpi";
:vpi_module "/usr/lib/x86_64-linux-gnu/ivl/vhdl_textio.vpi";
:vpi_module "/usr/lib/x86_64-linux-gnu/ivl/v2005_math.vpi";
:vpi_module "/usr/lib/x86_64-linux-gnu/ivl/va_math.vpi";
:vpi_module "/usr/lib/x86_64-linux-gnu/ivl/v2009.vpi";
S_0x556ecc74fc60 .scope package, "$unit" "$unit" 2 1;
 .timescale 0 0;
S_0x556ecc750e50 .scope module, "axi_tb" "axi_tb" 3 7;
 .timescale -9 -10;
P_0x556ecc758600 .param/l "BAUD_IN_CLOCKS_50M" 0 3 78, +C4<00000000000000000000000110110010>;
P_0x556ecc758640 .param/l "C_BAUDRATE" 0 3 21, +C4<00000000000000011100001000000000>;
P_0x556ecc758680 .param/l "C_DATA_BITS" 0 3 22, +C4<00000000000000000000000000001000>;
P_0x556ecc7586c0 .param/str "C_FAMILY" 0 3 14, "virtex6";
P_0x556ecc758700 .param/l "C_ODD_PARITY" 0 3 24, +C4<00000000000000000000000000000000>;
P_0x556ecc758740 .param/l "C_S_AXI_ACLK_FREQ_HZ" 0 3 15, +C4<00000010111110101111000010000000>;
P_0x556ecc758780 .param/l "C_S_AXI_ADDR_WIDTH" 0 3 17, +C4<00000000000000000000000000000100>;
P_0x556ecc7587c0 .param/l "C_S_AXI_DATA_WIDTH" 0 3 18, +C4<00000000000000000000000000100000>;
P_0x556ecc758800 .param/str "C_S_AXI_PROTOCOL" 0 3 19, "AXI4LITE";
P_0x556ecc758840 .param/l "C_USE_PARITY" 0 3 23, +C4<00000000000000000000000000000000>;
v0x556ecc778560_0 .var "Enable_rx", 0 0;
v0x556ecc778640_0 .var "Enable_tx", 0 0;
v0x556ecc778700_0 .net "Interrupt", 0 0, v0x556ecc775490_0;  1 drivers
v0x556ecc7787a0_0 .var "RX", 0 0;
v0x556ecc778840_0 .var "S_AXI_ACLK", 0 0;
v0x556ecc778930_0 .var "S_AXI_ARADDR", 31 0;
v0x556ecc7789d0_0 .var "S_AXI_ARESETN", 0 0;
v0x556ecc778a70_0 .net "S_AXI_ARREADY", 0 0, L_0x556ecc758350;  1 drivers
v0x556ecc778b10_0 .var "S_AXI_ARVALID", 0 0;
v0x556ecc778bb0_0 .var "S_AXI_AWADDR", 31 0;
v0x556ecc778c50_0 .net "S_AXI_AWREADY", 0 0, L_0x556ecc7459c0;  1 drivers
v0x556ecc778cf0_0 .var "S_AXI_AWVALID", 0 0;
v0x556ecc778d90_0 .var "S_AXI_BREADY", 0 0;
v0x556ecc778e30_0 .net "S_AXI_BRESP", 1 0, v0x556ecc776200_0;  1 drivers
v0x556ecc778ed0_0 .net "S_AXI_BVALID", 0 0, v0x556ecc7762e0_0;  1 drivers
v0x556ecc778fa0_0 .net "S_AXI_RDATA", 31 0, L_0x556ecc78ad60;  1 drivers
v0x556ecc779070_0 .var "S_AXI_RREADY", 0 0;
v0x556ecc779140_0 .net "S_AXI_RRESP", 1 0, v0x556ecc776540_0;  1 drivers
v0x556ecc779210_0 .net "S_AXI_RVALID", 0 0, L_0x556ecc78ac30;  1 drivers
o0x7f2de3e43728 .functor BUFZ 1, C4<z>; HiZ drive
v0x556ecc7792e0_0 .net "S_AXI_WAVALID", 0 0, o0x7f2de3e43728;  0 drivers
v0x556ecc7793b0_0 .var "S_AXI_WDATA", 31 0;
v0x556ecc779480_0 .net "S_AXI_WREADY", 0 0, L_0x556ecc6f3740;  1 drivers
v0x556ecc779550_0 .var "S_AXI_WSTB", 3 0;
v0x556ecc779620_0 .net "TX", 0 0, v0x556ecc770e70_0;  1 drivers
v0x556ecc7796c0_0 .var "TX_data", 7 0;
v0x556ecc779760_0 .var "debug_doing_read", 0 0;
v0x556ecc779800 .array "testMem", 0 511, 7 0;
v0x556ecc7798a0_0 .var "wr_uart_en", 0 0;
S_0x556ecc6c5010 .scope begin, "$ivl_for_loop1" "$ivl_for_loop1" 3 207, 3 207 0, S_0x556ecc750e50;
 .timescale -9 -10;
v0x556ecc74a540_0 .var/2s "i", 31 0;
S_0x556ecc76da20 .scope begin, "$ivl_for_loop2" "$ivl_for_loop2" 3 236, 3 236 0, S_0x556ecc750e50;
 .timescale -9 -10;
v0x556ecc740a60_0 .var/2s "i", 31 0;
S_0x556ecc76dc10 .scope module, "AXI_UART" "AXI_UART" 3 106, 4 30 0, S_0x556ecc750e50;
 .timescale -9 -10;
    .port_info 0 /INPUT 1 "S_AXI_ACLK";
    .port_info 1 /INPUT 1 "S_AXI_ARESETN";
    .port_info 2 /OUTPUT 1 "Interrupt";
    .port_info 3 /INPUT 32 "S_AXI_AWADDR";
    .port_info 4 /INPUT 1 "S_AXI_AWVALID";
    .port_info 5 /OUTPUT 1 "S_AXI_AWREADY";
    .port_info 6 /INPUT 32 "S_AXI_WDATA";
    .port_info 7 /INPUT 4 "S_AXI_WSTB";
    .port_info 8 /INPUT 1 "S_AXI_WAVALID";
    .port_info 9 /OUTPUT 1 "S_AXI_WREADY";
    .port_info 10 /OUTPUT 2 "S_AXI_BRESP";
    .port_info 11 /OUTPUT 1 "S_AXI_BVALID";
    .port_info 12 /INPUT 1 "S_AXI_BREADY";
    .port_info 13 /INPUT 32 "S_AXI_ARADDR";
    .port_info 14 /INPUT 1 "S_AXI_ARVALID";
    .port_info 15 /OUTPUT 1 "S_AXI_ARREADY";
    .port_info 16 /OUTPUT 32 "S_AXI_RDATA";
    .port_info 17 /OUTPUT 2 "S_AXI_RRESP";
    .port_info 18 /OUTPUT 1 "S_AXI_RVALID";
    .port_info 19 /INPUT 1 "S_AXI_RREADY";
    .port_info 20 /INPUT 1 "RX";
    .port_info 21 /OUTPUT 1 "TX";
P_0x556ecc76dda0 .param/l "ADDRESS_WIDTH" 0 4 100, +C4<0000000000000000000000000000000000000000000000000000000000100000>;
P_0x556ecc76dde0 .param/l "C_BAUDRATE" 0 4 40, +C4<00000000000000011100001000000000>;
P_0x556ecc76de20 .param/l "C_DATA_BITS" 0 4 41, +C4<00000000000000000000000000001000>;
P_0x556ecc76de60 .param/str "C_FAMILY" 0 4 33, "virtex6";
P_0x556ecc76dea0 .param/l "C_ODD_PARITY" 0 4 43, +C4<00000000000000000000000000000000>;
P_0x556ecc76dee0 .param/l "C_S_AXI_ACLK_FREQ_HZ" 0 4 34, +C4<00000010111110101111000010000000>;
P_0x556ecc76df20 .param/l "C_S_AXI_ADDR_WIDTH" 0 4 36, +C4<00000000000000000000000000000100>;
P_0x556ecc76df60 .param/l "C_S_AXI_DATA_WIDTH" 0 4 37, +C4<00000000000000000000000000100000>;
P_0x556ecc76dfa0 .param/str "C_S_AXI_PROTOCOL" 0 4 38, "AXI4LITE";
P_0x556ecc76dfe0 .param/l "C_S_BASE_ADDRESS" 0 4 50, +C4<00000000000000000000000000000001>;
P_0x556ecc76e020 .param/l "C_USE_PARITY" 0 4 42, +C4<00000000000000000000000000000000>;
P_0x556ecc76e060 .param/l "MEMORY_ADDR_WIDTH" 0 4 46, +C4<00000000000000000000000000010010>;
P_0x556ecc76e0a0 .param/l "MEMORY_DATA_WIDTH" 0 4 47, +C4<00000000000000000000000000010000>;
P_0x556ecc76e0e0 .param/l "MMIO_ADDRESS_WIDTH" 0 4 101, +C4<00000000000000000000000000000000000000000000000000000000000001110>;
L_0x556ecc7459c0 .functor BUFZ 1, v0x556ecc775fc0_0, C4<0>, C4<0>, C4<0>;
L_0x556ecc6f3740 .functor BUFZ 1, v0x556ecc776940_0, C4<0>, C4<0>, C4<0>;
L_0x556ecc7582e0 .functor AND 1, v0x556ecc778b10_0, L_0x556ecc78a810, C4<1>, C4<1>;
L_0x556ecc758350 .functor BUFZ 1, v0x556ecc775b90_0, C4<0>, C4<0>, C4<0>;
L_0x556ecc78ab70 .functor AND 1, L_0x556ecc78aad0, L_0x556ecc7582e0, C4<1>, C4<1>;
v0x556ecc7750e0_0 .net "Empty", 0 0, v0x556ecc772300_0;  1 drivers
L_0x7f2de3bb7138 .functor BUFT 1, C4<1>, C4<0>, C4<0>, C4<0>;
v0x556ecc7751f0_0 .net "Enable_rx", 0 0, L_0x7f2de3bb7138;  1 drivers
L_0x7f2de3bb7180 .functor BUFT 1, C4<1>, C4<0>, C4<0>, C4<0>;
v0x556ecc775300_0 .net "Enable_tx", 0 0, L_0x7f2de3bb7180;  1 drivers
v0x556ecc7753f0_0 .net "Full", 0 0, v0x556ecc774050_0;  1 drivers
v0x556ecc775490_0 .var "Interrupt", 0 0;
v0x556ecc775580_0 .net "MMIO_address_read", 0 13, L_0x556ecc779a10;  1 drivers
v0x556ecc775620_0 .net "MMIO_address_write", 0 13, L_0x556ecc779940;  1 drivers
v0x556ecc775700_0 .net "RX", 0 0, v0x556ecc7787a0_0;  1 drivers
v0x556ecc7757f0_0 .net "RX_data", 7 0, v0x556ecc772160_0;  1 drivers
v0x556ecc7758b0_0 .net "S_AXI_ACLK", 0 0, v0x556ecc778840_0;  1 drivers
v0x556ecc775950_0 .net "S_AXI_ARADDR", 31 0, v0x556ecc778930_0;  1 drivers
v0x556ecc775a30_0 .net "S_AXI_ARESETN", 0 0, v0x556ecc7789d0_0;  1 drivers
v0x556ecc775ad0_0 .net "S_AXI_ARREADY", 0 0, L_0x556ecc758350;  alias, 1 drivers
v0x556ecc775b90_0 .var "S_AXI_ARREADY_reg", 0 0;
v0x556ecc775c50_0 .net "S_AXI_ARVALID", 0 0, v0x556ecc778b10_0;  1 drivers
v0x556ecc775d10_0 .net "S_AXI_AWADDR", 31 0, v0x556ecc778bb0_0;  1 drivers
v0x556ecc775df0_0 .net "S_AXI_AWREADY", 0 0, L_0x556ecc7459c0;  alias, 1 drivers
v0x556ecc775fc0_0 .var "S_AXI_AWREADY_reg", 0 0;
v0x556ecc776080_0 .net "S_AXI_AWVALID", 0 0, v0x556ecc778cf0_0;  1 drivers
v0x556ecc776140_0 .net "S_AXI_BREADY", 0 0, v0x556ecc778d90_0;  1 drivers
v0x556ecc776200_0 .var "S_AXI_BRESP", 1 0;
v0x556ecc7762e0_0 .var "S_AXI_BVALID", 0 0;
v0x556ecc7763a0_0 .net "S_AXI_RDATA", 31 0, L_0x556ecc78ad60;  alias, 1 drivers
v0x556ecc776480_0 .net "S_AXI_RREADY", 0 0, v0x556ecc779070_0;  1 drivers
v0x556ecc776540_0 .var "S_AXI_RRESP", 1 0;
v0x556ecc776620_0 .net "S_AXI_RVALID", 0 0, L_0x556ecc78ac30;  alias, 1 drivers
v0x556ecc7766e0_0 .net "S_AXI_WAVALID", 0 0, o0x7f2de3e43728;  alias, 0 drivers
v0x556ecc7767a0_0 .net "S_AXI_WDATA", 31 0, v0x556ecc7793b0_0;  1 drivers
v0x556ecc776880_0 .net "S_AXI_WREADY", 0 0, L_0x556ecc6f3740;  alias, 1 drivers
v0x556ecc776940_0 .var "S_AXI_WREADY_reg", 0 0;
v0x556ecc776a00_0 .net "S_AXI_WSTB", 3 0, v0x556ecc779550_0;  1 drivers
v0x556ecc776ae0_0 .net "TX", 0 0, v0x556ecc770e70_0;  alias, 1 drivers
v0x556ecc776bd0_0 .var "TX_data", 7 0;
v0x556ecc776ef0_0 .net *"_ivl_12", 31 0, L_0x556ecc77a690;  1 drivers
L_0x7f2de3bb71c8 .functor BUFT 1, C4<000000000000000000>, C4<0>, C4<0>, C4<0>;
v0x556ecc776fd0_0 .net *"_ivl_15", 17 0, L_0x7f2de3bb71c8;  1 drivers
L_0x7f2de3bb7210 .functor BUFT 1, C4<00000000000000000000000000000001>, C4<0>, C4<0>, C4<0>;
v0x556ecc7770b0_0 .net/2u *"_ivl_16", 31 0, L_0x7f2de3bb7210;  1 drivers
v0x556ecc777190_0 .net *"_ivl_18", 0 0, L_0x556ecc78a810;  1 drivers
v0x556ecc777250_0 .net *"_ivl_25", 0 0, L_0x556ecc78aad0;  1 drivers
L_0x7f2de3bb7258 .functor BUFT 1, C4<000000000000000000000000>, C4<0>, C4<0>, C4<0>;
v0x556ecc777310_0 .net *"_ivl_33", 23 0, L_0x7f2de3bb7258;  1 drivers
v0x556ecc7773f0_0 .net "rd_uart_en", 0 0, L_0x556ecc78ab70;  1 drivers
v0x556ecc7774e0_0 .var "read_valid_buffer", 0 3;
v0x556ecc7775c0_0 .net "read_valid_in_range", 0 0, L_0x556ecc7582e0;  1 drivers
v0x556ecc777680_0 .var "wr_uart_en", 0 0;
L_0x556ecc779940 .part v0x556ecc778bb0_0, 18, 14;
L_0x556ecc779a10 .part v0x556ecc778930_0, 18, 14;
L_0x556ecc77a690 .concat [ 14 18 0 0], L_0x556ecc779a10, L_0x7f2de3bb71c8;
L_0x556ecc78a810 .cmp/eq 32, L_0x556ecc77a690, L_0x7f2de3bb7210;
L_0x556ecc78aad0 .reduce/nor v0x556ecc772300_0;
L_0x556ecc78ac30 .part v0x556ecc7774e0_0, 3, 1;
L_0x556ecc78ad60 .concat [ 8 24 0 0], v0x556ecc772160_0, L_0x7f2de3bb7258;
S_0x556ecc76e990 .scope module, "UART" "UART" 4 134, 5 6 0, S_0x556ecc76dc10;
 .timescale -9 -10;
    .port_info 0 /INPUT 1 "Clk";
    .port_info 1 /INPUT 1 "Resetn";
    .port_info 2 /INPUT 1 "RX";
    .port_info 3 /INPUT 1 "rd_uart_en";
    .port_info 4 /INPUT 1 "Enable_rx";
    .port_info 5 /OUTPUT 8 "RX_data";
    .port_info 6 /OUTPUT 1 "Empty";
    .port_info 7 /INPUT 8 "TX_data";
    .port_info 8 /INPUT 1 "wr_uart_en";
    .port_info 9 /INPUT 1 "Enable_tx";
    .port_info 10 /OUTPUT 1 "Full";
    .port_info 11 /OUTPUT 1 "TX";
P_0x556ecc7535b0 .param/l "C_BAUDRATE" 0 5 8, +C4<00000000000000011100001000000000>;
P_0x556ecc7535f0 .param/l "C_SYSTEM_FREQ" 0 5 9, +C4<00000010111110101111000010000000>;
L_0x556ecc746ce0 .functor AND 1, L_0x556ecc779b00, L_0x556ecc779ba0, C4<1>, C4<1>;
L_0x556ecc74e4e0 .functor AND 1, v0x556ecc770af0_0, L_0x556ecc77a0b0, C4<1>, C4<1>;
v0x556ecc773c30_0 .net "Clk", 0 0, v0x556ecc778840_0;  alias, 1 drivers
v0x556ecc773cf0_0 .net "Empty", 0 0, v0x556ecc772300_0;  alias, 1 drivers
v0x556ecc773de0_0 .net "Enable_rx", 0 0, L_0x7f2de3bb7138;  alias, 1 drivers
v0x556ecc773ee0_0 .net "Enable_tx", 0 0, L_0x7f2de3bb7180;  alias, 1 drivers
v0x556ecc773fb0_0 .net "Frame_error", 0 0, v0x556ecc76faf0_0;  1 drivers
v0x556ecc774050_0 .var "Full", 0 0;
v0x556ecc7740f0_0 .net "Overrun", 0 0, v0x556ecc76fbb0_0;  1 drivers
v0x556ecc7741c0_0 .net "RX", 0 0, v0x556ecc7787a0_0;  alias, 1 drivers
v0x556ecc774290_0 .net "RX_data", 7 0, v0x556ecc772160_0;  alias, 1 drivers
v0x556ecc7743f0_0 .net "Ready_tx", 0 0, v0x556ecc770af0_0;  1 drivers
v0x556ecc7744c0_0 .net "Resetn", 0 0, v0x556ecc7789d0_0;  alias, 1 drivers
v0x556ecc774560_0 .net "TX", 0 0, v0x556ecc770e70_0;  alias, 1 drivers
v0x556ecc774630_0 .net "TX_data", 7 0, v0x556ecc776bd0_0;  1 drivers
v0x556ecc774700_0 .net *"_ivl_1", 0 0, L_0x556ecc779b00;  1 drivers
v0x556ecc7747a0_0 .net *"_ivl_3", 0 0, L_0x556ecc779ba0;  1 drivers
v0x556ecc774840_0 .net *"_ivl_9", 0 0, L_0x556ecc77a0b0;  1 drivers
v0x556ecc7748e0_0 .net "baud_tick", 0 0, v0x556ecc745ae0_0;  1 drivers
v0x556ecc774980_0 .net "data_in_rx_fifo", 7 0, v0x556ecc76fda0_0;  1 drivers
v0x556ecc774a20_0 .net "data_out_tx_fifo", 7 0, v0x556ecc773460_0;  1 drivers
v0x556ecc774ac0_0 .net "empty_rx_module", 0 0, v0x556ecc76f980_0;  1 drivers
v0x556ecc774b60_0 .net "empty_tx_fifo", 0 0, v0x556ecc773670_0;  1 drivers
v0x556ecc774c00_0 .net "full_rx_fifo", 0 0, v0x556ecc7724a0_0;  1 drivers
v0x556ecc774cd0_0 .net "full_tx_fifo", 0 0, v0x556ecc773810_0;  1 drivers
v0x556ecc774da0_0 .net "rd_uart_en", 0 0, L_0x556ecc78ab70;  alias, 1 drivers
v0x556ecc774e70_0 .net "read_en_tx_fifo", 0 0, L_0x556ecc74e4e0;  1 drivers
v0x556ecc774f40_0 .net "wr_uart_en", 0 0, v0x556ecc777680_0;  1 drivers
v0x556ecc775010_0 .net "write_en_rx_fifo", 0 0, L_0x556ecc746ce0;  1 drivers
L_0x556ecc779b00 .reduce/nor v0x556ecc772300_0;
L_0x556ecc779ba0 .reduce/nor v0x556ecc7724a0_0;
L_0x556ecc779fc0 .reduce/nor v0x556ecc76f980_0;
L_0x556ecc77a0b0 .reduce/nor v0x556ecc773670_0;
L_0x556ecc77a500 .reduce/nor v0x556ecc773670_0;
S_0x556ecc76ee50 .scope module, "UART_bridge" "bridge" 5 51, 6 3 0, S_0x556ecc76e990;
 .timescale -9 -10;
    .port_info 0 /INPUT 1 "Clk";
    .port_info 1 /INPUT 1 "Resetn";
    .port_info 2 /OUTPUT 1 "baud_tick";
P_0x556ecc6c1390 .param/l "COUNTER_MAX" 0 6 16, +C4<00000000000000000000000000011011>;
P_0x556ecc6c13d0 .param/l "COUNTER_WIDTH" 0 6 18, +C4<00000000000000000000000000000101>;
P_0x556ecc6c1410 .param/l "C_BAUDRATE" 0 6 5, +C4<00000000000000011100001000000000>;
P_0x556ecc6c1450 .param/l "C_SYSTEM_FREQ" 0 6 6, +C4<00000101111101011110000100000000>;
v0x556ecc740b00_0 .net "Clk", 0 0, v0x556ecc778840_0;  alias, 1 drivers
v0x556ecc74e680_0 .net "Resetn", 0 0, v0x556ecc7789d0_0;  alias, 1 drivers
v0x556ecc74e750_0 .var "baud_counter", 4 0;
v0x556ecc745ae0_0 .var "baud_tick", 0 0;
E_0x556ecc707d60/0 .event negedge, v0x556ecc74e680_0;
E_0x556ecc707d60/1 .event posedge, v0x556ecc740b00_0;
E_0x556ecc707d60 .event/or E_0x556ecc707d60/0, E_0x556ecc707d60/1;
S_0x556ecc76f450 .scope module, "UART_receive_controller" "UART_receive_controller" 5 99, 7 40 0, S_0x556ecc76e990;
 .timescale -9 -10;
    .port_info 0 /INPUT 1 "Clk";
    .port_info 1 /INPUT 1 "Resetn";
    .port_info 2 /INPUT 1 "Enable";
    .port_info 3 /INPUT 1 "Unload_data";
    .port_info 4 /INPUT 1 "baud_tick";
    .port_info 5 /OUTPUT 8 "RX_data";
    .port_info 6 /OUTPUT 1 "Empty";
    .port_info 7 /OUTPUT 1 "Overrun";
    .port_info 8 /OUTPUT 1 "Frame_error";
    .port_info 9 /INPUT 1 "UART_RX_I";
P_0x556ecc6c1f80 .param/l "COUNTER_MAX" 0 7 65, +C4<00000000000000000000000110110010>;
P_0x556ecc6c1fc0 .param/l "COUNTER_WIDTH" 0 7 66, +C4<00000000000000000000000000001001>;
P_0x556ecc6c2000 .param/l "C_BAUDRATE" 0 7 42, +C4<00000000000000011100001000000000>;
P_0x556ecc6c2040 .param/l "C_SYSTEM_FREQ" 0 7 43, +C4<00000010111110101111000010000000>;
enum0x556ecc6964e0 .enum4 (2)
   "S_RXC_IDLE" 2'b00,
   "S_RXC_SYNC" 2'b01,
   "S_RXC_ASSEMBLE_DATA" 2'b10,
   "S_RXC_STOP_BIT" 2'b11
 ;
v0x556ecc745b80_0 .net "Clk", 0 0, v0x556ecc778840_0;  alias, 1 drivers
v0x556ecc76f980_0 .var "Empty", 0 0;
v0x556ecc76fa20_0 .net "Enable", 0 0, L_0x7f2de3bb7138;  alias, 1 drivers
v0x556ecc76faf0_0 .var "Frame_error", 0 0;
v0x556ecc76fbb0_0 .var "Overrun", 0 0;
v0x556ecc76fcc0_0 .var "RXC_state", 1 0;
v0x556ecc76fda0_0 .var "RX_data", 7 0;
v0x556ecc76fe80_0 .var "RX_data_in", 0 0;
v0x556ecc76ff40_0 .net "Resetn", 0 0, v0x556ecc7789d0_0;  alias, 1 drivers
v0x556ecc76ffe0_0 .net "UART_RX_I", 0 0, v0x556ecc7787a0_0;  alias, 1 drivers
v0x556ecc770080_0 .net "Unload_data", 0 0, L_0x556ecc746ce0;  alias, 1 drivers
v0x556ecc770140_0 .net "baud_tick", 0 0, v0x556ecc745ae0_0;  alias, 1 drivers
v0x556ecc770210_0 .var "clock_count", 9 0;
v0x556ecc7702d0_0 .var "data_buffer", 7 0;
v0x556ecc7703b0_0 .var "data_count", 2 0;
v0x556ecc770490_0 .var "tick_count", 3 0;
S_0x556ecc770710 .scope module, "UART_transmit_controller" "UART_transmit_controller" 5 163, 8 1 0, S_0x556ecc76e990;
 .timescale -9 -10;
    .port_info 0 /INPUT 1 "Clk";
    .port_info 1 /INPUT 1 "Resetn";
    .port_info 2 /INPUT 1 "Enable";
    .port_info 3 /INPUT 1 "w_en";
    .port_info 4 /INPUT 8 "w_data";
    .port_info 5 /INPUT 1 "baud_tick";
    .port_info 6 /OUTPUT 1 "Ready";
    .port_info 7 /OUTPUT 1 "UART_TX_I";
enum0x556ecc6be630 .enum4 (2)
   "S_TX_IDLE" 2'b00,
   "S_TX_START_BIT" 2'b01,
   "S_TX_TRANSMIT_BITS" 2'b10,
   "S_TX_STOP_BIT" 2'b11
 ;
v0x556ecc770920_0 .net "Clk", 0 0, v0x556ecc778840_0;  alias, 1 drivers
v0x556ecc770a30_0 .net "Enable", 0 0, L_0x7f2de3bb7180;  alias, 1 drivers
v0x556ecc770af0_0 .var "Ready", 0 0;
v0x556ecc770b90_0 .net "Resetn", 0 0, v0x556ecc7789d0_0;  alias, 1 drivers
v0x556ecc770c80_0 .var "TX_data_out", 0 0;
v0x556ecc770d90_0 .var "TX_state", 1 0;
v0x556ecc770e70_0 .var "UART_TX_I", 0 0;
v0x556ecc770f30_0 .net "baud_tick", 0 0, v0x556ecc745ae0_0;  alias, 1 drivers
v0x556ecc771020_0 .var "clock_count", 9 0;
v0x556ecc771190_0 .var "data_count", 2 0;
v0x556ecc771270_0 .var "data_shift_out", 7 0;
v0x556ecc771350_0 .var "tick_count", 3 0;
v0x556ecc771430_0 .net "w_data", 7 0, v0x556ecc773460_0;  alias, 1 drivers
v0x556ecc771510_0 .net "w_en", 0 0, L_0x556ecc77a500;  1 drivers
S_0x556ecc7716d0 .scope module, "rx_fifo" "fifo" 5 85, 9 2 0, S_0x556ecc76e990;
 .timescale -9 -10;
    .port_info 0 /INPUT 1 "Clk";
    .port_info 1 /INPUT 1 "Resetn";
    .port_info 2 /INPUT 8 "data_in";
    .port_info 3 /INPUT 1 "wr_en";
    .port_info 4 /INPUT 1 "rd_en";
    .port_info 5 /OUTPUT 8 "data_out";
    .port_info 6 /OUTPUT 1 "full";
    .port_info 7 /OUTPUT 1 "empty";
P_0x556ecc6c1e70 .param/l "DATA_ADDR_WIDTH" 0 9 25, +C4<00000000000000000000000000000111>;
P_0x556ecc6c1eb0 .param/l "DATA_DEPTH" 0 9 5, +C4<00000000000000000000000010000000>;
P_0x556ecc6c1ef0 .param/l "DATA_WIDTH" 0 9 4, +C4<00000000000000000000000000001000>;
P_0x556ecc6c1f30 .param/l "MEM_TYPE" 0 9 6, +C4<00000000000000000000000000000000>;
v0x556ecc771b80_0 .net "Clk", 0 0, v0x556ecc778840_0;  alias, 1 drivers
v0x556ecc771c40_0 .net "Resetn", 0 0, v0x556ecc7789d0_0;  alias, 1 drivers
L_0x7f2de3bb7018 .functor BUFT 1, C4<0000010>, C4<0>, C4<0>, C4<0>;
v0x556ecc771d00_0 .net/2u *"_ivl_0", 6 0, L_0x7f2de3bb7018;  1 drivers
L_0x7f2de3bb7060 .functor BUFT 1, C4<0000001>, C4<0>, C4<0>, C4<0>;
v0x556ecc771dd0_0 .net/2u *"_ivl_4", 6 0, L_0x7f2de3bb7060;  1 drivers
v0x556ecc771eb0_0 .var "back", 6 0;
v0x556ecc771fe0 .array "buff", 0 127, 7 0;
v0x556ecc7720a0_0 .net "data_in", 7 0, v0x556ecc76fda0_0;  alias, 1 drivers
v0x556ecc772160_0 .var "data_out", 7 0;
v0x556ecc772220_0 .net "dblnext", 6 0, L_0x556ecc779db0;  1 drivers
v0x556ecc772300_0 .var "empty", 0 0;
v0x556ecc7723c0_0 .var "front", 6 0;
v0x556ecc7724a0_0 .var "full", 0 0;
v0x556ecc772560_0 .net "nxtread", 6 0, L_0x556ecc779ea0;  1 drivers
v0x556ecc772640_0 .net "rd_en", 0 0, L_0x556ecc78ab70;  alias, 1 drivers
v0x556ecc772700_0 .net "wr_en", 0 0, L_0x556ecc779fc0;  1 drivers
L_0x556ecc779db0 .arith/sum 7, v0x556ecc771eb0_0, L_0x7f2de3bb7018;
L_0x556ecc779ea0 .arith/sum 7, v0x556ecc7723c0_0, L_0x7f2de3bb7060;
S_0x556ecc7728c0 .scope module, "tx_fifo" "fifo" 5 146, 9 2 0, S_0x556ecc76e990;
 .timescale -9 -10;
    .port_info 0 /INPUT 1 "Clk";
    .port_info 1 /INPUT 1 "Resetn";
    .port_info 2 /INPUT 8 "data_in";
    .port_info 3 /INPUT 1 "wr_en";
    .port_info 4 /INPUT 1 "rd_en";
    .port_info 5 /OUTPUT 8 "data_out";
    .port_info 6 /OUTPUT 1 "full";
    .port_info 7 /OUTPUT 1 "empty";
P_0x556ecc6c6bb0 .param/l "DATA_ADDR_WIDTH" 0 9 25, +C4<00000000000000000000000000000111>;
P_0x556ecc6c6bf0 .param/l "DATA_DEPTH" 0 9 5, +C4<00000000000000000000000010000000>;
P_0x556ecc6c6c30 .param/l "DATA_WIDTH" 0 9 4, +C4<00000000000000000000000000001000>;
P_0x556ecc6c6c70 .param/l "MEM_TYPE" 0 9 6, +C4<00000000000000000000000000000000>;
v0x556ecc772e20_0 .net "Clk", 0 0, v0x556ecc778840_0;  alias, 1 drivers
v0x556ecc772ee0_0 .net "Resetn", 0 0, v0x556ecc7789d0_0;  alias, 1 drivers
L_0x7f2de3bb70a8 .functor BUFT 1, C4<0000010>, C4<0>, C4<0>, C4<0>;
v0x556ecc773030_0 .net/2u *"_ivl_0", 6 0, L_0x7f2de3bb70a8;  1 drivers
L_0x7f2de3bb70f0 .functor BUFT 1, C4<0000001>, C4<0>, C4<0>, C4<0>;
v0x556ecc773100_0 .net/2u *"_ivl_4", 6 0, L_0x7f2de3bb70f0;  1 drivers
v0x556ecc7731e0_0 .var "back", 6 0;
v0x556ecc7732c0 .array "buff", 0 127, 7 0;
v0x556ecc773380_0 .net "data_in", 7 0, v0x556ecc776bd0_0;  alias, 1 drivers
v0x556ecc773460_0 .var "data_out", 7 0;
v0x556ecc773520_0 .net "dblnext", 6 0, L_0x556ecc77a2c0;  1 drivers
v0x556ecc773670_0 .var "empty", 0 0;
v0x556ecc773730_0 .var "front", 6 0;
v0x556ecc773810_0 .var "full", 0 0;
v0x556ecc7738d0_0 .net "nxtread", 6 0, L_0x556ecc77a3b0;  1 drivers
v0x556ecc7739b0_0 .net "rd_en", 0 0, L_0x556ecc74e4e0;  alias, 1 drivers
v0x556ecc773a70_0 .net "wr_en", 0 0, v0x556ecc777680_0;  alias, 1 drivers
L_0x556ecc77a2c0 .arith/sum 7, v0x556ecc7731e0_0, L_0x7f2de3bb70a8;
L_0x556ecc77a3b0 .arith/sum 7, v0x556ecc773730_0, L_0x7f2de3bb70f0;
S_0x556ecc777a30 .scope task, "read_word_from_AXI_UART" "read_word_from_AXI_UART" 3 195, 3 195 0, S_0x556ecc750e50;
 .timescale -9 -10;
E_0x556ecc7055d0 .event posedge, v0x556ecc740b00_0;
TD_axi_tb.read_word_from_AXI_UART ;
    %pushi/vec4 1, 0, 1;
    %assign/vec4 v0x556ecc778b10_0, 0;
    %pushi/vec4 262144, 0, 32;
    %assign/vec4 v0x556ecc778930_0, 0;
    %wait E_0x556ecc7055d0;
    %pushi/vec4 0, 0, 1;
    %assign/vec4 v0x556ecc778b10_0, 0;
    %end;
S_0x556ecc777c50 .scope task, "recieve_word_from_uart" "recieve_word_from_uart" 3 170, 3 170 0, S_0x556ecc750e50;
 .timescale -9 -10;
v0x556ecc777e80_0 .var "tx_data", 7 0;
TD_axi_tb.recieve_word_from_uart ;
    %pushi/vec4 1, 0, 1;
    %assign/vec4 v0x556ecc778640_0, 0;
    %pushi/vec4 1, 0, 1;
    %assign/vec4 v0x556ecc7798a0_0, 0;
    %load/vec4 v0x556ecc777e80_0;
    %assign/vec4 v0x556ecc7796c0_0, 0;
    %wait E_0x556ecc7055d0;
    %pushi/vec4 0, 0, 1;
    %assign/vec4 v0x556ecc7798a0_0, 0;
    %pushi/vec4 100, 0, 32;
T_1.0 %dup/vec4;
    %pushi/vec4 0, 0, 32;
    %cmp/s;
    %jmp/1xz T_1.1, 5;
    %jmp/1 T_1.1, 4;
    %pushi/vec4 1, 0, 32;
    %sub;
    %wait E_0x556ecc7055d0;
    %jmp T_1.0;
T_1.1 ;
    %pop/vec4 1;
    %end;
S_0x556ecc777f80 .scope task, "transmit_word_to_uart" "transmit_word_to_uart" 3 155, 3 155 0, S_0x556ecc750e50;
 .timescale -9 -10;
v0x556ecc778460_0 .var "rx_data", 7 0;
TD_axi_tb.transmit_word_to_uart ;
    %pushi/vec4 0, 0, 1;
    %assign/vec4 v0x556ecc7787a0_0, 0;
    %pushi/vec4 1, 0, 1;
    %assign/vec4 v0x556ecc778560_0, 0;
    %pushi/vec4 434, 0, 32;
T_2.2 %dup/vec4;
    %pushi/vec4 0, 0, 32;
    %cmp/s;
    %jmp/1xz T_2.3, 5;
    %jmp/1 T_2.3, 4;
    %pushi/vec4 1, 0, 32;
    %sub;
    %wait E_0x556ecc7055d0;
    %jmp T_2.2;
T_2.3 ;
    %pop/vec4 1;
    %fork t_1, S_0x556ecc778160;
    %jmp t_0;
    .scope S_0x556ecc778160;
t_1 ;
    %pushi/vec4 0, 0, 32;
    %store/vec4 v0x556ecc778360_0, 0, 32;
T_2.4 ;
    %load/vec4 v0x556ecc778360_0;
    %cmpi/s 8, 0, 32;
    %jmp/0xz T_2.5, 5;
    %load/vec4 v0x556ecc778460_0;
    %parti/s 1, 0, 2;
    %assign/vec4 v0x556ecc7787a0_0, 0;
    %load/vec4 v0x556ecc778460_0;
    %ix/load 4, 1, 0;
    %flag_set/imm 4, 0;
    %shiftr 4;
    %assign/vec4 v0x556ecc778460_0, 0;
    %pushi/vec4 434, 0, 32;
T_2.6 %dup/vec4;
    %pushi/vec4 0, 0, 32;
    %cmp/s;
    %jmp/1xz T_2.7, 5;
    %jmp/1 T_2.7, 4;
    %pushi/vec4 1, 0, 32;
    %sub;
    %wait E_0x556ecc7055d0;
    %jmp T_2.6;
T_2.7 ;
    %pop/vec4 1;
    %load/vec4 v0x556ecc778360_0;
    %addi 1, 0, 32;
    %cast2;
    %store/vec4 v0x556ecc778360_0, 0, 32;
    %jmp T_2.4;
T_2.5 ;
    %end;
    .scope S_0x556ecc777f80;
t_0 %join;
    %pushi/vec4 1, 0, 1;
    %assign/vec4 v0x556ecc7787a0_0, 0;
    %pushi/vec4 434, 0, 32;
T_2.8 %dup/vec4;
    %pushi/vec4 0, 0, 32;
    %cmp/s;
    %jmp/1xz T_2.9, 5;
    %jmp/1 T_2.9, 4;
    %pushi/vec4 1, 0, 32;
    %sub;
    %wait E_0x556ecc7055d0;
    %jmp T_2.8;
T_2.9 ;
    %pop/vec4 1;
    %end;
S_0x556ecc778160 .scope begin, "$ivl_for_loop0" "$ivl_for_loop0" 3 160, 3 160 0, S_0x556ecc777f80;
 .timescale -9 -10;
v0x556ecc778360_0 .var/2s "i", 31 0;
    .scope S_0x556ecc76ee50;
T_3 ;
    %wait E_0x556ecc707d60;
    %load/vec4 v0x556ecc74e680_0;
    %nor/r;
    %flag_set/vec4 8;
    %jmp/0xz  T_3.0, 8;
    %pushi/vec4 0, 0, 5;
    %assign/vec4 v0x556ecc74e750_0, 0;
    %pushi/vec4 0, 0, 1;
    %assign/vec4 v0x556ecc745ae0_0, 0;
    %jmp T_3.1;
T_3.0 ;
    %load/vec4 v0x556ecc74e750_0;
    %addi 1, 0, 5;
    %assign/vec4 v0x556ecc74e750_0, 0;
    %pushi/vec4 0, 0, 1;
    %assign/vec4 v0x556ecc745ae0_0, 0;
    %load/vec4 v0x556ecc74e750_0;
    %pad/u 32;
    %cmpi/e 27, 0, 32;
    %jmp/0xz  T_3.2, 4;
    %pushi/vec4 1, 0, 1;
    %assign/vec4 v0x556ecc745ae0_0, 0;
    %pushi/vec4 0, 0, 5;
    %assign/vec4 v0x556ecc74e750_0, 0;
T_3.2 ;
T_3.1 ;
    %jmp T_3;
    .thread T_3;
    .scope S_0x556ecc7716d0;
T_4 ;
    %wait E_0x556ecc707d60;
    %load/vec4 v0x556ecc771c40_0;
    %nor/r;
    %flag_set/vec4 8;
    %jmp/0xz  T_4.0, 8;
    %pushi/vec4 1, 0, 1;
    %assign/vec4 v0x556ecc772300_0, 0;
    %pushi/vec4 0, 0, 1;
    %assign/vec4 v0x556ecc7724a0_0, 0;
    %pushi/vec4 0, 0, 7;
    %assign/vec4 v0x556ecc771eb0_0, 0;
    %pushi/vec4 0, 0, 7;
    %assign/vec4 v0x556ecc7723c0_0, 0;
    %jmp T_4.1;
T_4.0 ;
    %load/vec4 v0x556ecc772700_0;
    %load/vec4 v0x556ecc772640_0;
    %concat/vec4; draw_concat_vec4
    %load/vec4 v0x556ecc7724a0_0;
    %nor/r;
    %concat/vec4; draw_concat_vec4
    %load/vec4 v0x556ecc772300_0;
    %nor/r;
    %concat/vec4; draw_concat_vec4
    %dup/vec4;
    %pushi/vec4 5, 2, 4;
    %cmp/z;
    %jmp/1 T_4.2, 4;
    %dup/vec4;
    %pushi/vec4 10, 1, 4;
    %cmp/z;
    %jmp/1 T_4.3, 4;
    %dup/vec4;
    %pushi/vec4 12, 2, 4;
    %cmp/z;
    %jmp/1 T_4.4, 4;
    %dup/vec4;
    %pushi/vec4 13, 2, 4;
    %cmp/z;
    %jmp/1 T_4.5, 4;
    %jmp T_4.6;
T_4.2 ;
    %pushi/vec4 0, 0, 1;
    %assign/vec4 v0x556ecc7724a0_0, 0;
    %load/vec4 v0x556ecc7723c0_0;
    %addi 1, 0, 7;
    %assign/vec4 v0x556ecc7723c0_0, 0;
    %load/vec4 v0x556ecc7723c0_0;
    %pad/u 9;
    %ix/vec4 4;
    %load/vec4a v0x556ecc771fe0, 4;
    %assign/vec4 v0x556ecc772160_0, 0;
    %load/vec4 v0x556ecc772560_0;
    %load/vec4 v0x556ecc771eb0_0;
    %cmp/e;
    %flag_get/vec4 4;
    %assign/vec4 v0x556ecc772300_0, 0;
    %jmp T_4.6;
T_4.3 ;
    %load/vec4 v0x556ecc772220_0;
    %load/vec4 v0x556ecc7723c0_0;
    %cmp/e;
    %flag_get/vec4 4;
    %assign/vec4 v0x556ecc7724a0_0, 0;
    %pushi/vec4 0, 0, 1;
    %assign/vec4 v0x556ecc772300_0, 0;
    %load/vec4 v0x556ecc7720a0_0;
    %load/vec4 v0x556ecc771eb0_0;
    %pad/u 9;
    %ix/vec4 3;
    %ix/load 4, 0, 0; Constant delay
    %assign/vec4/a/d v0x556ecc771fe0, 0, 4;
    %load/vec4 v0x556ecc771eb0_0;
    %addi 1, 0, 7;
    %assign/vec4 v0x556ecc771eb0_0, 0;
    %jmp T_4.6;
T_4.4 ;
    %pushi/vec4 0, 0, 1;
    %assign/vec4 v0x556ecc7724a0_0, 0;
    %pushi/vec4 0, 0, 1;
    %assign/vec4 v0x556ecc772300_0, 0;
    %load/vec4 v0x556ecc771eb0_0;
    %addi 1, 0, 7;
    %assign/vec4 v0x556ecc771eb0_0, 0;
    %load/vec4 v0x556ecc7720a0_0;
    %load/vec4 v0x556ecc771eb0_0;
    %pad/u 9;
    %ix/vec4 3;
    %ix/load 4, 0, 0; Constant delay
    %assign/vec4/a/d v0x556ecc771fe0, 0, 4;
    %load/vec4 v0x556ecc7723c0_0;
    %pad/u 9;
    %ix/vec4 4;
    %load/vec4a v0x556ecc771fe0, 4;
    %assign/vec4 v0x556ecc772160_0, 0;
    %jmp T_4.6;
T_4.5 ;
    %load/vec4 v0x556ecc7724a0_0;
    %assign/vec4 v0x556ecc7724a0_0, 0;
    %pushi/vec4 0, 0, 1;
    %assign/vec4 v0x556ecc772300_0, 0;
    %load/vec4 v0x556ecc7723c0_0;
    %addi 1, 0, 7;
    %assign/vec4 v0x556ecc7723c0_0, 0;
    %load/vec4 v0x556ecc771eb0_0;
    %addi 1, 0, 7;
    %assign/vec4 v0x556ecc771eb0_0, 0;
    %load/vec4 v0x556ecc7720a0_0;
    %load/vec4 v0x556ecc771eb0_0;
    %pad/u 9;
    %ix/vec4 3;
    %ix/load 4, 0, 0; Constant delay
    %assign/vec4/a/d v0x556ecc771fe0, 0, 4;
    %load/vec4 v0x556ecc7723c0_0;
    %pad/u 9;
    %ix/vec4 4;
    %load/vec4a v0x556ecc771fe0, 4;
    %assign/vec4 v0x556ecc772160_0, 0;
    %jmp T_4.6;
T_4.6 ;
    %pop/vec4 1;
T_4.1 ;
    %jmp T_4;
    .thread T_4;
    .scope S_0x556ecc76f450;
T_5 ;
    %wait E_0x556ecc707d60;
    %load/vec4 v0x556ecc76ff40_0;
    %nor/r;
    %flag_set/vec4 8;
    %jmp/0xz  T_5.0, 8;
    %pushi/vec4 0, 0, 8;
    %assign/vec4 v0x556ecc7702d0_0, 0;
    %pushi/vec4 0, 0, 8;
    %assign/vec4 v0x556ecc76fda0_0, 0;
    %pushi/vec4 0, 0, 10;
    %assign/vec4 v0x556ecc770210_0, 0;
    %pushi/vec4 0, 0, 3;
    %assign/vec4 v0x556ecc7703b0_0, 0;
    %pushi/vec4 0, 0, 1;
    %assign/vec4 v0x556ecc76faf0_0, 0;
    %pushi/vec4 0, 0, 1;
    %assign/vec4 v0x556ecc76fbb0_0, 0;
    %pushi/vec4 1, 0, 1;
    %assign/vec4 v0x556ecc76f980_0, 0;
    %pushi/vec4 0, 0, 2;
    %assign/vec4 v0x556ecc76fcc0_0, 0;
    %pushi/vec4 0, 0, 1;
    %assign/vec4 v0x556ecc76fe80_0, 0;
    %pushi/vec4 0, 0, 4;
    %assign/vec4 v0x556ecc770490_0, 0;
    %jmp T_5.1;
T_5.0 ;
    %load/vec4 v0x556ecc76ffe0_0;
    %assign/vec4 v0x556ecc76fe80_0, 0;
    %load/vec4 v0x556ecc770080_0;
    %flag_set/vec4 8;
    %jmp/0xz  T_5.2, 8;
    %pushi/vec4 1, 0, 1;
    %assign/vec4 v0x556ecc76f980_0, 0;
T_5.2 ;
    %load/vec4 v0x556ecc76fcc0_0;
    %dup/vec4;
    %pushi/vec4 0, 0, 2;
    %cmp/u;
    %jmp/1 T_5.4, 6;
    %dup/vec4;
    %pushi/vec4 1, 0, 2;
    %cmp/u;
    %jmp/1 T_5.5, 6;
    %dup/vec4;
    %pushi/vec4 2, 0, 2;
    %cmp/u;
    %jmp/1 T_5.6, 6;
    %dup/vec4;
    %pushi/vec4 3, 0, 2;
    %cmp/u;
    %jmp/1 T_5.7, 6;
    %pushi/vec4 0, 0, 2;
    %assign/vec4 v0x556ecc76fcc0_0, 0;
    %jmp T_5.9;
T_5.4 ;
    %load/vec4 v0x556ecc76fa20_0;
    %flag_set/vec4 8;
    %jmp/0xz  T_5.10, 8;
    %load/vec4 v0x556ecc76fe80_0;
    %cmpi/e 0, 0, 1;
    %jmp/0xz  T_5.12, 4;
    %pushi/vec4 1, 0, 2;
    %assign/vec4 v0x556ecc76fcc0_0, 0;
    %pushi/vec4 0, 0, 10;
    %assign/vec4 v0x556ecc770210_0, 0;
    %pushi/vec4 0, 0, 3;
    %assign/vec4 v0x556ecc7703b0_0, 0;
    %pushi/vec4 0, 0, 1;
    %assign/vec4 v0x556ecc76faf0_0, 0;
    %pushi/vec4 0, 0, 1;
    %assign/vec4 v0x556ecc76fbb0_0, 0;
    %pushi/vec4 0, 0, 4;
    %assign/vec4 v0x556ecc770490_0, 0;
T_5.12 ;
T_5.10 ;
    %jmp T_5.9;
T_5.5 ;
    %load/vec4 v0x556ecc770490_0;
    %pushi/vec4 7, 0, 4;
    %cmp/e;
    %flag_get/vec4 4;
    %load/vec4 v0x556ecc770140_0;
    %pushi/vec4 1, 0, 1;
    %cmp/e;
    %flag_get/vec4 4;
    %and;
    %load/vec4 v0x556ecc76fe80_0;
    %pushi/vec4 0, 0, 1;
    %cmp/e;
    %flag_get/vec4 4;
    %and;
    %flag_set/vec4 8;
    %jmp/0xz  T_5.14, 8;
    %pushi/vec4 0, 0, 10;
    %assign/vec4 v0x556ecc770210_0, 0;
    %pushi/vec4 0, 0, 3;
    %assign/vec4 v0x556ecc7703b0_0, 0;
    %pushi/vec4 0, 0, 8;
    %assign/vec4 v0x556ecc7702d0_0, 0;
    %pushi/vec4 0, 0, 4;
    %assign/vec4 v0x556ecc770490_0, 0;
    %pushi/vec4 2, 0, 2;
    %assign/vec4 v0x556ecc76fcc0_0, 0;
    %jmp T_5.15;
T_5.14 ;
    %load/vec4 v0x556ecc76fe80_0;
    %pushi/vec4 0, 0, 1;
    %cmp/e;
    %flag_get/vec4 4;
    %load/vec4 v0x556ecc770140_0;
    %pushi/vec4 1, 0, 1;
    %cmp/e;
    %flag_get/vec4 4;
    %and;
    %flag_set/vec4 8;
    %jmp/0xz  T_5.16, 8;
    %load/vec4 v0x556ecc770490_0;
    %addi 1, 0, 4;
    %assign/vec4 v0x556ecc770490_0, 0;
T_5.16 ;
T_5.15 ;
    %jmp T_5.9;
T_5.6 ;
    %load/vec4 v0x556ecc770490_0;
    %pushi/vec4 15, 0, 4;
    %cmp/e;
    %flag_get/vec4 4;
    %load/vec4 v0x556ecc770140_0;
    %pushi/vec4 1, 0, 1;
    %cmp/e;
    %flag_get/vec4 4;
    %and;
    %flag_set/vec4 8;
    %jmp/0xz  T_5.18, 8;
    %load/vec4 v0x556ecc76fe80_0;
    %load/vec4 v0x556ecc7702d0_0;
    %parti/s 7, 1, 2;
    %concat/vec4; draw_concat_vec4
    %assign/vec4 v0x556ecc7702d0_0, 0;
    %pushi/vec4 0, 0, 4;
    %assign/vec4 v0x556ecc770490_0, 0;
    %load/vec4 v0x556ecc7703b0_0;
    %cmpi/e 7, 0, 3;
    %jmp/0xz  T_5.20, 4;
    %pushi/vec4 3, 0, 2;
    %assign/vec4 v0x556ecc76fcc0_0, 0;
    %jmp T_5.21;
T_5.20 ;
    %load/vec4 v0x556ecc7703b0_0;
    %addi 1, 0, 3;
    %assign/vec4 v0x556ecc7703b0_0, 0;
T_5.21 ;
    %jmp T_5.19;
T_5.18 ;
    %load/vec4 v0x556ecc770140_0;
    %cmpi/e 1, 0, 1;
    %jmp/0xz  T_5.22, 4;
    %load/vec4 v0x556ecc770490_0;
    %addi 1, 0, 4;
    %assign/vec4 v0x556ecc770490_0, 0;
T_5.22 ;
T_5.19 ;
    %jmp T_5.9;
T_5.7 ;
    %load/vec4 v0x556ecc770490_0;
    %pushi/vec4 15, 0, 4;
    %cmp/e;
    %flag_get/vec4 4;
    %load/vec4 v0x556ecc770140_0;
    %pushi/vec4 1, 0, 1;
    %cmp/e;
    %flag_get/vec4 4;
    %and;
    %flag_set/vec4 8;
    %jmp/0xz  T_5.24, 8;
    %pushi/vec4 0, 0, 2;
    %assign/vec4 v0x556ecc76fcc0_0, 0;
    %load/vec4 v0x556ecc76fe80_0;
    %cmpi/e 0, 0, 1;
    %jmp/0xz  T_5.26, 4;
    %pushi/vec4 1, 0, 1;
    %assign/vec4 v0x556ecc76faf0_0, 0;
    %jmp T_5.27;
T_5.26 ;
    %pushi/vec4 0, 0, 1;
    %assign/vec4 v0x556ecc76f980_0, 0;
    %pushi/vec4 0, 0, 1;
    %assign/vec4 v0x556ecc76faf0_0, 0;
    %load/vec4 v0x556ecc76f980_0;
    %flag_set/vec4 8;
    %jmp/0 T_5.28, 8;
    %pushi/vec4 0, 0, 1;
    %jmp/1 T_5.29, 8;
T_5.28 ; End of true expr.
    %pushi/vec4 1, 0, 1;
    %jmp/0 T_5.29, 8;
 ; End of false expr.
    %blend;
T_5.29;
    %assign/vec4 v0x556ecc76fbb0_0, 0;
    %load/vec4 v0x556ecc7702d0_0;
    %assign/vec4 v0x556ecc76fda0_0, 0;
T_5.27 ;
    %jmp T_5.25;
T_5.24 ;
    %load/vec4 v0x556ecc770140_0;
    %cmpi/e 1, 0, 1;
    %jmp/0xz  T_5.30, 4;
    %load/vec4 v0x556ecc770490_0;
    %addi 1, 0, 4;
    %assign/vec4 v0x556ecc770490_0, 0;
T_5.30 ;
T_5.25 ;
    %jmp T_5.9;
T_5.9 ;
    %pop/vec4 1;
T_5.1 ;
    %jmp T_5;
    .thread T_5;
    .scope S_0x556ecc7728c0;
T_6 ;
    %wait E_0x556ecc707d60;
    %load/vec4 v0x556ecc772ee0_0;
    %nor/r;
    %flag_set/vec4 8;
    %jmp/0xz  T_6.0, 8;
    %pushi/vec4 1, 0, 1;
    %assign/vec4 v0x556ecc773670_0, 0;
    %pushi/vec4 0, 0, 1;
    %assign/vec4 v0x556ecc773810_0, 0;
    %pushi/vec4 0, 0, 7;
    %assign/vec4 v0x556ecc7731e0_0, 0;
    %pushi/vec4 0, 0, 7;
    %assign/vec4 v0x556ecc773730_0, 0;
    %jmp T_6.1;
T_6.0 ;
    %load/vec4 v0x556ecc773a70_0;
    %load/vec4 v0x556ecc7739b0_0;
    %concat/vec4; draw_concat_vec4
    %load/vec4 v0x556ecc773810_0;
    %nor/r;
    %concat/vec4; draw_concat_vec4
    %load/vec4 v0x556ecc773670_0;
    %nor/r;
    %concat/vec4; draw_concat_vec4
    %dup/vec4;
    %pushi/vec4 5, 2, 4;
    %cmp/z;
    %jmp/1 T_6.2, 4;
    %dup/vec4;
    %pushi/vec4 10, 1, 4;
    %cmp/z;
    %jmp/1 T_6.3, 4;
    %dup/vec4;
    %pushi/vec4 12, 2, 4;
    %cmp/z;
    %jmp/1 T_6.4, 4;
    %dup/vec4;
    %pushi/vec4 13, 2, 4;
    %cmp/z;
    %jmp/1 T_6.5, 4;
    %jmp T_6.6;
T_6.2 ;
    %pushi/vec4 0, 0, 1;
    %assign/vec4 v0x556ecc773810_0, 0;
    %load/vec4 v0x556ecc773730_0;
    %addi 1, 0, 7;
    %assign/vec4 v0x556ecc773730_0, 0;
    %load/vec4 v0x556ecc773730_0;
    %pad/u 9;
    %ix/vec4 4;
    %load/vec4a v0x556ecc7732c0, 4;
    %assign/vec4 v0x556ecc773460_0, 0;
    %load/vec4 v0x556ecc7738d0_0;
    %load/vec4 v0x556ecc7731e0_0;
    %cmp/e;
    %flag_get/vec4 4;
    %assign/vec4 v0x556ecc773670_0, 0;
    %jmp T_6.6;
T_6.3 ;
    %load/vec4 v0x556ecc773520_0;
    %load/vec4 v0x556ecc773730_0;
    %cmp/e;
    %flag_get/vec4 4;
    %assign/vec4 v0x556ecc773810_0, 0;
    %pushi/vec4 0, 0, 1;
    %assign/vec4 v0x556ecc773670_0, 0;
    %load/vec4 v0x556ecc773380_0;
    %load/vec4 v0x556ecc7731e0_0;
    %pad/u 9;
    %ix/vec4 3;
    %ix/load 4, 0, 0; Constant delay
    %assign/vec4/a/d v0x556ecc7732c0, 0, 4;
    %load/vec4 v0x556ecc7731e0_0;
    %addi 1, 0, 7;
    %assign/vec4 v0x556ecc7731e0_0, 0;
    %jmp T_6.6;
T_6.4 ;
    %pushi/vec4 0, 0, 1;
    %assign/vec4 v0x556ecc773810_0, 0;
    %pushi/vec4 0, 0, 1;
    %assign/vec4 v0x556ecc773670_0, 0;
    %load/vec4 v0x556ecc7731e0_0;
    %addi 1, 0, 7;
    %assign/vec4 v0x556ecc7731e0_0, 0;
    %load/vec4 v0x556ecc773380_0;
    %load/vec4 v0x556ecc7731e0_0;
    %pad/u 9;
    %ix/vec4 3;
    %ix/load 4, 0, 0; Constant delay
    %assign/vec4/a/d v0x556ecc7732c0, 0, 4;
    %load/vec4 v0x556ecc773730_0;
    %pad/u 9;
    %ix/vec4 4;
    %load/vec4a v0x556ecc7732c0, 4;
    %assign/vec4 v0x556ecc773460_0, 0;
    %jmp T_6.6;
T_6.5 ;
    %load/vec4 v0x556ecc773810_0;
    %assign/vec4 v0x556ecc773810_0, 0;
    %pushi/vec4 0, 0, 1;
    %assign/vec4 v0x556ecc773670_0, 0;
    %load/vec4 v0x556ecc773730_0;
    %addi 1, 0, 7;
    %assign/vec4 v0x556ecc773730_0, 0;
    %load/vec4 v0x556ecc7731e0_0;
    %addi 1, 0, 7;
    %assign/vec4 v0x556ecc7731e0_0, 0;
    %load/vec4 v0x556ecc773380_0;
    %load/vec4 v0x556ecc7731e0_0;
    %pad/u 9;
    %ix/vec4 3;
    %ix/load 4, 0, 0; Constant delay
    %assign/vec4/a/d v0x556ecc7732c0, 0, 4;
    %load/vec4 v0x556ecc773730_0;
    %pad/u 9;
    %ix/vec4 4;
    %load/vec4a v0x556ecc7732c0, 4;
    %assign/vec4 v0x556ecc773460_0, 0;
    %jmp T_6.6;
T_6.6 ;
    %pop/vec4 1;
T_6.1 ;
    %jmp T_6;
    .thread T_6;
    .scope S_0x556ecc770710;
T_7 ;
    %wait E_0x556ecc707d60;
    %load/vec4 v0x556ecc770b90_0;
    %nor/r;
    %flag_set/vec4 8;
    %jmp/0xz  T_7.0, 8;
    %pushi/vec4 0, 0, 2;
    %assign/vec4 v0x556ecc770d90_0, 0;
    %pushi/vec4 0, 0, 8;
    %assign/vec4 v0x556ecc771270_0, 0;
    %pushi/vec4 1, 0, 1;
    %assign/vec4 v0x556ecc770e70_0, 0;
    %pushi/vec4 0, 0, 4;
    %assign/vec4 v0x556ecc771350_0, 0;
    %pushi/vec4 0, 0, 3;
    %assign/vec4 v0x556ecc771190_0, 0;
    %pushi/vec4 1, 0, 1;
    %assign/vec4 v0x556ecc770c80_0, 0;
    %jmp T_7.1;
T_7.0 ;
    %load/vec4 v0x556ecc770c80_0;
    %assign/vec4 v0x556ecc770e70_0, 0;
    %load/vec4 v0x556ecc770d90_0;
    %dup/vec4;
    %pushi/vec4 0, 0, 2;
    %cmp/u;
    %jmp/1 T_7.2, 6;
    %dup/vec4;
    %pushi/vec4 1, 0, 2;
    %cmp/u;
    %jmp/1 T_7.3, 6;
    %dup/vec4;
    %pushi/vec4 2, 0, 2;
    %cmp/u;
    %jmp/1 T_7.4, 6;
    %dup/vec4;
    %pushi/vec4 3, 0, 2;
    %cmp/u;
    %jmp/1 T_7.5, 6;
    %jmp T_7.6;
T_7.2 ;
    %pushi/vec4 1, 0, 1;
    %assign/vec4 v0x556ecc770c80_0, 0;
    %load/vec4 v0x556ecc771430_0;
    %assign/vec4 v0x556ecc771270_0, 0;
    %pushi/vec4 1, 0, 1;
    %assign/vec4 v0x556ecc770af0_0, 0;
    %load/vec4 v0x556ecc770a30_0;
    %load/vec4 v0x556ecc770af0_0;
    %and;
    %load/vec4 v0x556ecc771510_0;
    %and;
    %flag_set/vec4 8;
    %jmp/0xz  T_7.7, 8;
    %pushi/vec4 0, 0, 1;
    %assign/vec4 v0x556ecc770c80_0, 0;
    %pushi/vec4 0, 0, 1;
    %assign/vec4 v0x556ecc770af0_0, 0;
    %pushi/vec4 1, 0, 2;
    %assign/vec4 v0x556ecc770d90_0, 0;
T_7.7 ;
    %jmp T_7.6;
T_7.3 ;
    %load/vec4 v0x556ecc771350_0;
    %pushi/vec4 15, 0, 4;
    %cmp/e;
    %flag_get/vec4 4;
    %load/vec4 v0x556ecc770f30_0;
    %pushi/vec4 1, 0, 1;
    %cmp/e;
    %flag_get/vec4 4;
    %and;
    %flag_set/vec4 8;
    %jmp/0xz  T_7.9, 8;
    %load/vec4 v0x556ecc771270_0;
    %parti/s 1, 0, 2;
    %assign/vec4 v0x556ecc770c80_0, 0;
    %load/vec4 v0x556ecc771270_0;
    %ix/load 4, 1, 0;
    %flag_set/imm 4, 0;
    %shiftr 4;
    %assign/vec4 v0x556ecc771270_0, 0;
    %pushi/vec4 0, 0, 3;
    %assign/vec4 v0x556ecc771190_0, 0;
    %pushi/vec4 0, 0, 10;
    %assign/vec4 v0x556ecc771020_0, 0;
    %pushi/vec4 2, 0, 2;
    %assign/vec4 v0x556ecc770d90_0, 0;
T_7.9 ;
    %load/vec4 v0x556ecc770f30_0;
    %cmpi/e 1, 0, 1;
    %jmp/0xz  T_7.11, 4;
    %load/vec4 v0x556ecc771350_0;
    %addi 1, 0, 4;
    %assign/vec4 v0x556ecc771350_0, 0;
T_7.11 ;
    %jmp T_7.6;
T_7.4 ;
    %load/vec4 v0x556ecc771350_0;
    %pushi/vec4 15, 0, 4;
    %cmp/e;
    %flag_get/vec4 4;
    %load/vec4 v0x556ecc770f30_0;
    %pushi/vec4 1, 0, 1;
    %cmp/e;
    %flag_get/vec4 4;
    %and;
    %flag_set/vec4 8;
    %jmp/0xz  T_7.13, 8;
    %load/vec4 v0x556ecc771270_0;
    %parti/s 1, 0, 2;
    %assign/vec4 v0x556ecc770c80_0, 0;
    %load/vec4 v0x556ecc771270_0;
    %ix/load 4, 1, 0;
    %flag_set/imm 4, 0;
    %shiftr 4;
    %assign/vec4 v0x556ecc771270_0, 0;
    %pushi/vec4 0, 0, 10;
    %assign/vec4 v0x556ecc771020_0, 0;
    %load/vec4 v0x556ecc771190_0;
    %addi 1, 0, 3;
    %assign/vec4 v0x556ecc771190_0, 0;
    %load/vec4 v0x556ecc771190_0;
    %cmpi/e 7, 0, 3;
    %jmp/0xz  T_7.15, 4;
    %pushi/vec4 3, 0, 2;
    %assign/vec4 v0x556ecc770d90_0, 0;
T_7.15 ;
T_7.13 ;
    %load/vec4 v0x556ecc770f30_0;
    %cmpi/e 1, 0, 1;
    %jmp/0xz  T_7.17, 4;
    %load/vec4 v0x556ecc771350_0;
    %addi 1, 0, 4;
    %assign/vec4 v0x556ecc771350_0, 0;
T_7.17 ;
    %jmp T_7.6;
T_7.5 ;
    %pushi/vec4 1, 0, 1;
    %assign/vec4 v0x556ecc770c80_0, 0;
    %load/vec4 v0x556ecc771020_0;
    %addi 1, 0, 10;
    %assign/vec4 v0x556ecc771020_0, 0;
    %load/vec4 v0x556ecc771350_0;
    %pushi/vec4 15, 0, 4;
    %cmp/e;
    %flag_get/vec4 4;
    %load/vec4 v0x556ecc770f30_0;
    %pushi/vec4 1, 0, 1;
    %cmp/e;
    %flag_get/vec4 4;
    %and;
    %flag_set/vec4 8;
    %jmp/0xz  T_7.19, 8;
    %pushi/vec4 0, 0, 2;
    %assign/vec4 v0x556ecc770d90_0, 0;
    %pushi/vec4 0, 0, 10;
    %assign/vec4 v0x556ecc771020_0, 0;
T_7.19 ;
    %load/vec4 v0x556ecc770f30_0;
    %cmpi/e 1, 0, 1;
    %jmp/0xz  T_7.21, 4;
    %load/vec4 v0x556ecc771350_0;
    %addi 1, 0, 4;
    %assign/vec4 v0x556ecc771350_0, 0;
T_7.21 ;
    %jmp T_7.6;
T_7.6 ;
    %pop/vec4 1;
T_7.1 ;
    %jmp T_7;
    .thread T_7;
    .scope S_0x556ecc76dc10;
T_8 ;
    %wait E_0x556ecc707d60;
    %load/vec4 v0x556ecc775a30_0;
    %nor/r;
    %flag_set/vec4 8;
    %jmp/0xz  T_8.0, 8;
    %pushi/vec4 0, 0, 1;
    %assign/vec4 v0x556ecc775b90_0, 0;
    %jmp T_8.1;
T_8.0 ;
    %load/vec4 v0x556ecc7750e0_0;
    %nor/r;
    %assign/vec4 v0x556ecc775b90_0, 0;
T_8.1 ;
    %jmp T_8;
    .thread T_8;
    .scope S_0x556ecc76dc10;
T_9 ;
    %wait E_0x556ecc707d60;
    %load/vec4 v0x556ecc775a30_0;
    %nor/r;
    %flag_set/vec4 8;
    %jmp/0xz  T_9.0, 8;
    %pushi/vec4 0, 0, 4;
    %assign/vec4 v0x556ecc7774e0_0, 0;
    %jmp T_9.1;
T_9.0 ;
    %load/vec4 v0x556ecc7773f0_0;
    %load/vec4 v0x556ecc7774e0_0;
    %parti/s 3, 1, 2;
    %concat/vec4; draw_concat_vec4
    %assign/vec4 v0x556ecc7774e0_0, 0;
T_9.1 ;
    %jmp T_9;
    .thread T_9;
    .scope S_0x556ecc750e50;
T_10 ;
    %vpi_call/w 3 10 "$display", "Running axi_tb.sv" {0 0 0};
    %end;
    .thread T_10;
    .scope S_0x556ecc750e50;
T_11 ;
    %fork t_3, S_0x556ecc6c5010;
    %jmp t_2;
    .scope S_0x556ecc6c5010;
t_3 ;
    %pushi/vec4 0, 0, 32;
    %store/vec4 v0x556ecc74a540_0, 0, 32;
T_11.0 ;
    %load/vec4 v0x556ecc74a540_0;
    %cmpi/s 512, 0, 32;
    %jmp/0xz T_11.1, 5;
    %load/vec4 v0x556ecc74a540_0;
    %pad/s 8;
    %ix/getv/s 4, v0x556ecc74a540_0;
    %store/vec4a v0x556ecc779800, 4, 0;
    %load/vec4 v0x556ecc74a540_0;
    %addi 1, 0, 32;
    %cast2;
    %store/vec4 v0x556ecc74a540_0, 0, 32;
    %jmp T_11.0;
T_11.1 ;
    %end;
    .scope S_0x556ecc750e50;
t_2 %join;
    %end;
    .thread T_11;
    .scope S_0x556ecc750e50;
T_12 ;
    %vpi_call/w 3 215 "$dumpfile", "axi_tb" {0 0 0};
    %vpi_call/w 3 216 "$dumpvars" {0 0 0};
    %end;
    .thread T_12;
    .scope S_0x556ecc750e50;
T_13 ;
    %pushi/vec4 0, 0, 1;
    %assign/vec4 v0x556ecc778840_0, 0;
    %delay 100, 0;
    %pushi/vec4 1, 0, 1;
    %assign/vec4 v0x556ecc778840_0, 0;
    %delay 100, 0;
    %jmp T_13;
    .thread T_13;
    .scope S_0x556ecc750e50;
T_14 ;
    %pushi/vec4 1, 0, 1;
    %assign/vec4 v0x556ecc7787a0_0, 0;
    %pushi/vec4 0, 0, 1;
    %assign/vec4 v0x556ecc778560_0, 0;
    %pushi/vec4 0, 0, 32;
    %assign/vec4 v0x556ecc778930_0, 0;
    %pushi/vec4 1, 0, 1;
    %assign/vec4 v0x556ecc7789d0_0, 0;
    %pushi/vec4 0, 0, 1;
    %assign/vec4 v0x556ecc7789d0_0, 0;
    %wait E_0x556ecc7055d0;
    %pushi/vec4 1, 0, 1;
    %assign/vec4 v0x556ecc7789d0_0, 0;
    %end;
    .thread T_14;
    .scope S_0x556ecc750e50;
T_15 ;
    %wait E_0x556ecc7055d0;
    %wait E_0x556ecc7055d0;
    %fork t_5, S_0x556ecc76da20;
    %jmp t_4;
    .scope S_0x556ecc76da20;
t_5 ;
    %pushi/vec4 0, 0, 32;
    %store/vec4 v0x556ecc740a60_0, 0, 32;
T_15.0 ;
    %load/vec4 v0x556ecc740a60_0;
    %cmpi/s 128, 0, 32;
    %jmp/0xz T_15.1, 5;
    %load/vec4 v0x556ecc740a60_0;
    %addi 1, 0, 32;
    %pad/s 8;
    %store/vec4 v0x556ecc778460_0, 0, 8;
    %fork TD_axi_tb.transmit_word_to_uart, S_0x556ecc777f80;
    %join;
    %load/vec4 v0x556ecc740a60_0;
    %addi 1, 0, 32;
    %cast2;
    %store/vec4 v0x556ecc740a60_0, 0, 32;
    %jmp T_15.0;
T_15.1 ;
    %end;
    .scope S_0x556ecc750e50;
t_4 %join;
    %end;
    .thread T_15;
    .scope S_0x556ecc750e50;
T_16 ;
    %pushi/vec4 0, 0, 1;
    %assign/vec4 v0x556ecc779760_0, 0;
    %wait E_0x556ecc7055d0;
    %pushi/vec4 100000, 0, 32;
T_16.0 %dup/vec4;
    %pushi/vec4 0, 0, 32;
    %cmp/s;
    %jmp/1xz T_16.1, 5;
    %jmp/1 T_16.1, 4;
    %pushi/vec4 1, 0, 32;
    %sub;
    %wait E_0x556ecc7055d0;
    %jmp T_16.0;
T_16.1 ;
    %pop/vec4 1;
    %pushi/vec4 1, 0, 1;
    %assign/vec4 v0x556ecc779760_0, 0;
    %vpi_call/w 3 248 "$display", "Read at %0t", $time {0 0 0};
    %fork TD_axi_tb.read_word_from_AXI_UART, S_0x556ecc777a30;
    %join;
    %wait E_0x556ecc7055d0;
    %pushi/vec4 0, 0, 1;
    %assign/vec4 v0x556ecc779760_0, 0;
    %end;
    .thread T_16;
    .scope S_0x556ecc750e50;
T_17 ;
    %pushi/vec4 1000000, 0, 32;
T_17.0 %dup/vec4;
    %pushi/vec4 0, 0, 32;
    %cmp/s;
    %jmp/1xz T_17.1, 5;
    %jmp/1 T_17.1, 4;
    %pushi/vec4 1, 0, 32;
    %sub;
    %wait E_0x556ecc7055d0;
    %jmp T_17.0;
T_17.1 ;
    %pop/vec4 1;
    %vpi_call/w 3 257 "$display", "Testbench duration exhausted (10_000_000 clocks)" {0 0 0};
    %vpi_call/w 3 258 "$finish" {0 0 0};
    %end;
    .thread T_17;
# The file index is used to find the file name in the following table.
:file_names 10;
    "N/A";
    "<interactive>";
    "-";
    "axi_tb.sv";
    "./../rtl/AXI_UART.sv";
    "./../rtl/UART/UART.sv";
    "./../rtl/UART/UART_bridge.sv";
    "./../rtl/UART/RX_module/UART_receive_controller.sv";
    "./../rtl/UART/TX_module/UART_transmit_controller.sv";
    "./../rtl/UART/FIFO/fifo.sv";
